<?xml version="1.0" encoding="UTF-8"?>
<testng-results ignored="0" total="20" passed="20" failed="0" skipped="0">
  <reporter-output>
  </reporter-output>
  <suite started-at="2024-02-14T00:32:41 GMT" name="flight-reservation" finished-at="2024-02-14T00:32:58 GMT" duration-ms="17100">
    <groups>
    </groups>
    <test started-at="2024-02-14T00:32:41 GMT" name="passengers-count-4" finished-at="2024-02-14T00:32:55 GMT" duration-ms="14724">
      <class name="com.maaxii.tests.flightreservation.FlightReservationTests">
        <test-method is-config="true" signature="setupConfig()[pri:0, instance:com.maaxii.tests.flightreservation.FlightReservationTests@4bb33f74]" started-at="2024-02-14T00:32:41 GMT" name="setupConfig" finished-at="2024-02-14T00:32:41 GMT" duration-ms="10" status="PASS">
          <reporter-output>
          </reporter-output>
        </test-method> <!-- setupConfig -->
        <test-method is-config="true" signature="setDriver(org.testng.ITestContext)[pri:0, instance:com.maaxii.tests.flightreservation.FlightReservationTests@4bb33f74]" started-at="2024-02-14T00:32:41 GMT" name="setDriver" finished-at="2024-02-14T00:32:44 GMT" duration-ms="3768" status="PASS">
          <params>
            <param index="0">
              <value>
                <![CDATA[org.testng.TestRunner@63376bed]]>
              </value>
            </param>
          </params>
          <reporter-output>
          </reporter-output>
        </test-method> <!-- setDriver -->
        <test-method is-config="true" signature="setParameters(java.lang.String)[pri:0, instance:com.maaxii.tests.flightreservation.FlightReservationTests@4bb33f74]" started-at="2024-02-14T00:32:44 GMT" name="setParameters" finished-at="2024-02-14T00:32:45 GMT" depends-on-methods="com.maaxii.tests.AbstractTest.setDriver" duration-ms="325" status="PASS">
          <params>
            <param index="0">
              <value>
                <![CDATA[test-data/flight-reservation/passenger-4.json]]>
              </value>
            </param>
          </params>
          <reporter-output>
          </reporter-output>
        </test-method> <!-- setParameters -->
        <test-method signature="userRegistrationTest()[pri:0, instance:com.maaxii.tests.flightreservation.FlightReservationTests@4bb33f74]" started-at="2024-02-14T00:32:45 GMT" name="userRegistrationTest" finished-at="2024-02-14T00:32:48 GMT" duration-ms="3492" status="PASS">
          <reporter-output>
          </reporter-output>
        </test-method> <!-- userRegistrationTest -->
        <test-method signature="registrationConfirmationTest()[pri:0, instance:com.maaxii.tests.flightreservation.FlightReservationTests@4bb33f74]" started-at="2024-02-14T00:32:48 GMT" name="registrationConfirmationTest" finished-at="2024-02-14T00:32:50 GMT" depends-on-methods="com.maaxii.tests.flightreservation.FlightReservationTests.userRegistrationTest" duration-ms="2044" status="PASS">
          <reporter-output>
          </reporter-output>
        </test-method> <!-- registrationConfirmationTest -->
        <test-method signature="flightSearchTest()[pri:0, instance:com.maaxii.tests.flightreservation.FlightReservationTests@4bb33f74]" started-at="2024-02-14T00:32:50 GMT" name="flightSearchTest" finished-at="2024-02-14T00:32:53 GMT" depends-on-methods="com.maaxii.tests.flightreservation.FlightReservationTests.registrationConfirmationTest" duration-ms="2692" status="PASS">
          <reporter-output>
          </reporter-output>
        </test-method> <!-- flightSearchTest -->
        <test-method signature="flightSelectionTest()[pri:0, instance:com.maaxii.tests.flightreservation.FlightReservationTests@4bb33f74]" started-at="2024-02-14T00:32:53 GMT" name="flightSelectionTest" finished-at="2024-02-14T00:32:54 GMT" depends-on-methods="com.maaxii.tests.flightreservation.FlightReservationTests.flightSearchTest" duration-ms="983" status="PASS">
          <reporter-output>
          </reporter-output>
        </test-method> <!-- flightSelectionTest -->
        <test-method signature="flightReservationConfirmationTests()[pri:0, instance:com.maaxii.tests.flightreservation.FlightReservationTests@4bb33f74]" started-at="2024-02-14T00:32:54 GMT" name="flightReservationConfirmationTests" finished-at="2024-02-14T00:32:55 GMT" depends-on-methods="com.maaxii.tests.flightreservation.FlightReservationTests.flightSelectionTest" duration-ms="1262" status="PASS">
          <reporter-output>
          </reporter-output>
        </test-method> <!-- flightReservationConfirmationTests -->
        <test-method is-config="true" signature="quitDriver()[pri:0, instance:com.maaxii.tests.flightreservation.FlightReservationTests@4bb33f74]" started-at="2024-02-14T00:32:55 GMT" name="quitDriver" finished-at="2024-02-14T00:32:55 GMT" duration-ms="106" status="PASS">
          <reporter-output>
          </reporter-output>
        </test-method> <!-- quitDriver -->
      </class> <!-- com.maaxii.tests.flightreservation.FlightReservationTests -->
    </test> <!-- passengers-count-4 -->
    <test started-at="2024-02-14T00:32:41 GMT" name="passengers-count-1" finished-at="2024-02-14T00:32:56 GMT" duration-ms="15124">
      <class name="com.maaxii.tests.flightreservation.FlightReservationTests">
        <test-method is-config="true" signature="setDriver(org.testng.ITestContext)[pri:0, instance:com.maaxii.tests.flightreservation.FlightReservationTests@72cde7cc]" started-at="2024-02-14T00:32:41 GMT" name="setDriver" finished-at="2024-02-14T00:32:44 GMT" duration-ms="3768" status="PASS">
          <params>
            <param index="0">
              <value>
                <![CDATA[org.testng.TestRunner@71ba6d4e]]>
              </value>
            </param>
          </params>
          <reporter-output>
          </reporter-output>
        </test-method> <!-- setDriver -->
        <test-method is-config="true" signature="setParameters(java.lang.String)[pri:0, instance:com.maaxii.tests.flightreservation.FlightReservationTests@72cde7cc]" started-at="2024-02-14T00:32:44 GMT" name="setParameters" finished-at="2024-02-14T00:32:45 GMT" depends-on-methods="com.maaxii.tests.AbstractTest.setDriver" duration-ms="326" status="PASS">
          <params>
            <param index="0">
              <value>
                <![CDATA[test-data/flight-reservation/passenger-1.json]]>
              </value>
            </param>
          </params>
          <reporter-output>
          </reporter-output>
        </test-method> <!-- setParameters -->
        <test-method signature="userRegistrationTest()[pri:0, instance:com.maaxii.tests.flightreservation.FlightReservationTests@72cde7cc]" started-at="2024-02-14T00:32:45 GMT" name="userRegistrationTest" finished-at="2024-02-14T00:32:48 GMT" duration-ms="3528" status="PASS">
          <reporter-output>
          </reporter-output>
        </test-method> <!-- userRegistrationTest -->
        <test-method signature="registrationConfirmationTest()[pri:0, instance:com.maaxii.tests.flightreservation.FlightReservationTests@72cde7cc]" started-at="2024-02-14T00:32:48 GMT" name="registrationConfirmationTest" finished-at="2024-02-14T00:32:50 GMT" depends-on-methods="com.maaxii.tests.flightreservation.FlightReservationTests.userRegistrationTest" duration-ms="1390" status="PASS">
          <reporter-output>
          </reporter-output>
        </test-method> <!-- registrationConfirmationTest -->
        <test-method signature="flightSearchTest()[pri:0, instance:com.maaxii.tests.flightreservation.FlightReservationTests@72cde7cc]" started-at="2024-02-14T00:32:50 GMT" name="flightSearchTest" finished-at="2024-02-14T00:32:51 GMT" depends-on-methods="com.maaxii.tests.flightreservation.FlightReservationTests.registrationConfirmationTest" duration-ms="1552" status="PASS">
          <reporter-output>
          </reporter-output>
        </test-method> <!-- flightSearchTest -->
        <test-method signature="flightSelectionTest()[pri:0, instance:com.maaxii.tests.flightreservation.FlightReservationTests@72cde7cc]" started-at="2024-02-14T00:32:51 GMT" name="flightSelectionTest" finished-at="2024-02-14T00:32:54 GMT" depends-on-methods="com.maaxii.tests.flightreservation.FlightReservationTests.flightSearchTest" duration-ms="2620" status="PASS">
          <reporter-output>
          </reporter-output>
        </test-method> <!-- flightSelectionTest -->
        <test-method signature="flightReservationConfirmationTests()[pri:0, instance:com.maaxii.tests.flightreservation.FlightReservationTests@72cde7cc]" started-at="2024-02-14T00:32:54 GMT" name="flightReservationConfirmationTests" finished-at="2024-02-14T00:32:56 GMT" depends-on-methods="com.maaxii.tests.flightreservation.FlightReservationTests.flightSelectionTest" duration-ms="1823" status="PASS">
          <reporter-output>
          </reporter-output>
        </test-method> <!-- flightReservationConfirmationTests -->
        <test-method is-config="true" signature="quitDriver()[pri:0, instance:com.maaxii.tests.flightreservation.FlightReservationTests@72cde7cc]" started-at="2024-02-14T00:32:56 GMT" name="quitDriver" finished-at="2024-02-14T00:32:56 GMT" duration-ms="88" status="PASS">
          <reporter-output>
          </reporter-output>
        </test-method> <!-- quitDriver -->
      </class> <!-- com.maaxii.tests.flightreservation.FlightReservationTests -->
    </test> <!-- passengers-count-1 -->
    <test started-at="2024-02-14T00:32:41 GMT" name="passengers-count-3" finished-at="2024-02-14T00:32:56 GMT" duration-ms="15504">
      <class name="com.maaxii.tests.flightreservation.FlightReservationTests">
        <test-method is-config="true" signature="setDriver(org.testng.ITestContext)[pri:0, instance:com.maaxii.tests.flightreservation.FlightReservationTests@2053d869]" started-at="2024-02-14T00:32:41 GMT" name="setDriver" finished-at="2024-02-14T00:32:44 GMT" duration-ms="3768" status="PASS">
          <params>
            <param index="0">
              <value>
                <![CDATA[org.testng.TestRunner@3c77d488]]>
              </value>
            </param>
          </params>
          <reporter-output>
          </reporter-output>
        </test-method> <!-- setDriver -->
        <test-method is-config="true" signature="setParameters(java.lang.String)[pri:0, instance:com.maaxii.tests.flightreservation.FlightReservationTests@2053d869]" started-at="2024-02-14T00:32:44 GMT" name="setParameters" finished-at="2024-02-14T00:32:45 GMT" depends-on-methods="com.maaxii.tests.AbstractTest.setDriver" duration-ms="325" status="PASS">
          <params>
            <param index="0">
              <value>
                <![CDATA[test-data/flight-reservation/passenger-3.json]]>
              </value>
            </param>
          </params>
          <reporter-output>
          </reporter-output>
        </test-method> <!-- setParameters -->
        <test-method signature="userRegistrationTest()[pri:0, instance:com.maaxii.tests.flightreservation.FlightReservationTests@2053d869]" started-at="2024-02-14T00:32:45 GMT" name="userRegistrationTest" finished-at="2024-02-14T00:32:48 GMT" duration-ms="3619" status="PASS">
          <reporter-output>
          </reporter-output>
        </test-method> <!-- userRegistrationTest -->
        <test-method signature="registrationConfirmationTest()[pri:0, instance:com.maaxii.tests.flightreservation.FlightReservationTests@2053d869]" started-at="2024-02-14T00:32:48 GMT" name="registrationConfirmationTest" finished-at="2024-02-14T00:32:50 GMT" depends-on-methods="com.maaxii.tests.flightreservation.FlightReservationTests.userRegistrationTest" duration-ms="2050" status="PASS">
          <reporter-output>
          </reporter-output>
        </test-method> <!-- registrationConfirmationTest -->
        <test-method signature="flightSearchTest()[pri:0, instance:com.maaxii.tests.flightreservation.FlightReservationTests@2053d869]" started-at="2024-02-14T00:32:50 GMT" name="flightSearchTest" finished-at="2024-02-14T00:32:52 GMT" depends-on-methods="com.maaxii.tests.flightreservation.FlightReservationTests.registrationConfirmationTest" duration-ms="1671" status="PASS">
          <reporter-output>
          </reporter-output>
        </test-method> <!-- flightSearchTest -->
        <test-method signature="flightSelectionTest()[pri:0, instance:com.maaxii.tests.flightreservation.FlightReservationTests@2053d869]" started-at="2024-02-14T00:32:52 GMT" name="flightSelectionTest" finished-at="2024-02-14T00:32:54 GMT" depends-on-methods="com.maaxii.tests.flightreservation.FlightReservationTests.flightSearchTest" duration-ms="2090" status="PASS">
          <reporter-output>
          </reporter-output>
        </test-method> <!-- flightSelectionTest -->
        <test-method signature="flightReservationConfirmationTests()[pri:0, instance:com.maaxii.tests.flightreservation.FlightReservationTests@2053d869]" started-at="2024-02-14T00:32:54 GMT" name="flightReservationConfirmationTests" finished-at="2024-02-14T00:32:56 GMT" depends-on-methods="com.maaxii.tests.flightreservation.FlightReservationTests.flightSelectionTest" duration-ms="1854" status="PASS">
          <reporter-output>
          </reporter-output>
        </test-method> <!-- flightReservationConfirmationTests -->
        <test-method is-config="true" signature="quitDriver()[pri:0, instance:com.maaxii.tests.flightreservation.FlightReservationTests@2053d869]" started-at="2024-02-14T00:32:56 GMT" name="quitDriver" finished-at="2024-02-14T00:32:56 GMT" duration-ms="96" status="PASS">
          <reporter-output>
          </reporter-output>
        </test-method> <!-- quitDriver -->
      </class> <!-- com.maaxii.tests.flightreservation.FlightReservationTests -->
    </test> <!-- passengers-count-3 -->
    <test started-at="2024-02-14T00:32:41 GMT" name="passengers-count-2" finished-at="2024-02-14T00:32:58 GMT" duration-ms="17100">
      <class name="com.maaxii.tests.flightreservation.FlightReservationTests">
        <test-method is-config="true" signature="setDriver(org.testng.ITestContext)[pri:0, instance:com.maaxii.tests.flightreservation.FlightReservationTests@2b48a640]" started-at="2024-02-14T00:32:41 GMT" name="setDriver" finished-at="2024-02-14T00:32:44 GMT" duration-ms="3768" status="PASS">
          <params>
            <param index="0">
              <value>
                <![CDATA[org.testng.TestRunner@738dc9b]]>
              </value>
            </param>
          </params>
          <reporter-output>
          </reporter-output>
        </test-method> <!-- setDriver -->
        <test-method is-config="true" signature="setParameters(java.lang.String)[pri:0, instance:com.maaxii.tests.flightreservation.FlightReservationTests@2b48a640]" started-at="2024-02-14T00:32:44 GMT" name="setParameters" finished-at="2024-02-14T00:32:45 GMT" depends-on-methods="com.maaxii.tests.AbstractTest.setDriver" duration-ms="326" status="PASS">
          <params>
            <param index="0">
              <value>
                <![CDATA[test-data/flight-reservation/passenger-2.json]]>
              </value>
            </param>
          </params>
          <reporter-output>
          </reporter-output>
        </test-method> <!-- setParameters -->
        <test-method signature="userRegistrationTest()[pri:0, instance:com.maaxii.tests.flightreservation.FlightReservationTests@2b48a640]" started-at="2024-02-14T00:32:45 GMT" name="userRegistrationTest" finished-at="2024-02-14T00:32:48 GMT" duration-ms="3614" status="PASS">
          <reporter-output>
          </reporter-output>
        </test-method> <!-- userRegistrationTest -->
        <test-method signature="registrationConfirmationTest()[pri:0, instance:com.maaxii.tests.flightreservation.FlightReservationTests@2b48a640]" started-at="2024-02-14T00:32:48 GMT" name="registrationConfirmationTest" finished-at="2024-02-14T00:32:50 GMT" depends-on-methods="com.maaxii.tests.flightreservation.FlightReservationTests.userRegistrationTest" duration-ms="2054" status="PASS">
          <reporter-output>
          </reporter-output>
        </test-method> <!-- registrationConfirmationTest -->
        <test-method signature="flightSearchTest()[pri:0, instance:com.maaxii.tests.flightreservation.FlightReservationTests@2b48a640]" started-at="2024-02-14T00:32:50 GMT" name="flightSearchTest" finished-at="2024-02-14T00:32:52 GMT" depends-on-methods="com.maaxii.tests.flightreservation.FlightReservationTests.registrationConfirmationTest" duration-ms="1673" status="PASS">
          <reporter-output>
          </reporter-output>
        </test-method> <!-- flightSearchTest -->
        <test-method signature="flightSelectionTest()[pri:0, instance:com.maaxii.tests.flightreservation.FlightReservationTests@2b48a640]" started-at="2024-02-14T00:32:52 GMT" name="flightSelectionTest" finished-at="2024-02-14T00:32:55 GMT" depends-on-methods="com.maaxii.tests.flightreservation.FlightReservationTests.flightSearchTest" duration-ms="3167" status="PASS">
          <reporter-output>
          </reporter-output>
        </test-method> <!-- flightSelectionTest -->
        <test-method signature="flightReservationConfirmationTests()[pri:0, instance:com.maaxii.tests.flightreservation.FlightReservationTests@2b48a640]" started-at="2024-02-14T00:32:55 GMT" name="flightReservationConfirmationTests" finished-at="2024-02-14T00:32:58 GMT" depends-on-methods="com.maaxii.tests.flightreservation.FlightReservationTests.flightSelectionTest" duration-ms="2386" status="PASS">
          <reporter-output>
          </reporter-output>
        </test-method> <!-- flightReservationConfirmationTests -->
        <test-method is-config="true" signature="quitDriver()[pri:0, instance:com.maaxii.tests.flightreservation.FlightReservationTests@2b48a640]" started-at="2024-02-14T00:32:58 GMT" name="quitDriver" finished-at="2024-02-14T00:32:58 GMT" duration-ms="81" status="PASS">
          <reporter-output>
          </reporter-output>
        </test-method> <!-- quitDriver -->
      </class> <!-- com.maaxii.tests.flightreservation.FlightReservationTests -->
    </test> <!-- passengers-count-2 -->
  </suite> <!-- flight-reservation -->
</testng-results>
